<?xml version="1.0" encoding="UTF-8"?>
<testng-results ignored="0" total="2" passed="2" failed="0" skipped="0">
  <reporter-output>
  </reporter-output>
  <suite started-at="2024-10-09T08:50:08 IST" name="Default suite" finished-at="2024-10-09T08:50:35 IST" duration-ms="26838">
    <groups>
    </groups>
    <test started-at="2024-10-09T08:50:08 IST" name="Default test" finished-at="2024-10-09T08:50:35 IST" duration-ms="26838">
      <class name="dataProvidersUse.FBLoginTestNGClass">
        <test-method signature="fbLogin(java.lang.String,java.lang.String,java.lang.String)[pri:0, instance:dataProvidersUse.FBLoginTestNGClass@5ab956d7]" started-at="2024-10-09T08:50:08 IST" name="fbLogin" data-provider="Input Data" finished-at="2024-10-09T08:50:26 IST" duration-ms="17373" status="PASS">
          <params>
            <param index="0">
              <value>
                <![CDATA[a]]>
              </value>
            </param>
            <param index="1">
              <value>
                <![CDATA[b]]>
              </value>
            </param>
            <param index="2">
              <value>
                <![CDATA[12345]]>
              </value>
            </param>
          </params>
          <reporter-output>
          </reporter-output>
        </test-method> <!-- fbLogin -->
        <test-method signature="fbLogin(java.lang.String,java.lang.String,java.lang.String)[pri:0, instance:dataProvidersUse.FBLoginTestNGClass@5ab956d7]" started-at="2024-10-09T08:50:26 IST" name="fbLogin" data-provider="Input Data" finished-at="2024-10-09T08:50:35 IST" duration-ms="9356" status="PASS">
          <params>
            <param index="0">
              <value>
                <![CDATA[x]]>
              </value>
            </param>
            <param index="1">
              <value>
                <![CDATA[y]]>
              </value>
            </param>
            <param index="2">
              <value>
                <![CDATA[56789]]>
              </value>
            </param>
          </params>
          <reporter-output>
          </reporter-output>
        </test-method> <!-- fbLogin -->
      </class> <!-- dataProvidersUse.FBLoginTestNGClass -->
    </test> <!-- Default test -->
  </suite> <!-- Default suite -->
</testng-results>
